<?xml version="1.0" encoding="UTF-8"?>
<!-- Generated by org.testng.reporters.JUnitXMLReporter -->
<testsuite hostname="LAPTOP-M6F29H3O" ignored="0" name="Test" tests="6" failures="0" timestamp="04 Jul 2020 05:36:12 GMT" time="0.152" errors="0">
  <testcase name="deletetwitter" time="0.029" classname="Beginmaven.RestAPITest"/>
  <testcase name="postjira" time="0.003" classname="Beginmaven.RestAPITest"/>
  <testcase name="browserautomation" time="0.002" classname="Beginmaven.SeleniumTest"/>
  <testcase name="elementsui" time="0.003" classname="Beginmaven.SeleniumTest"/>
  <testcase name="android" time="0.002" classname="Beginmaven.AppiumTet"/>
  <testcase name="ios" time="0.002" classname="Beginmaven.AppiumTet"/>
</testsuite> <!-- Test -->
