<?xml version="1.0" encoding="UTF-8"?>
<!-- Generated by org.testng.reporters.JUnitXMLReporter -->
<testsuite ignored="0" hostname="COMP-PC" failures="0" tests="6" name="Command line test" time="0.06" errors="0" timestamp="2020-11-20T11:07:49 IST">
  <testcase classname="Beginmaven.AppiumTest" name="android" time="0.005"/>
  <testcase classname="Beginmaven.AppiumTest" name="ios" time="0.001"/>
  <testcase classname="Beginmaven.RestAPITest" name="deletetwitter" time="0.0"/>
  <testcase classname="Beginmaven.RestAPITest" name="postjira" time="0.0"/>
  <testcase classname="Beginmaven.SeleniumTest" name="browserautomation" time="0.0"/>
  <testcase classname="Beginmaven.SeleniumTest" name="elementsui" time="0.0"/>
</testsuite> <!-- Command line test -->
