<?xml version="1.0" encoding="UTF-8"?>
<!-- Generated by org.testng.reporters.JUnitXMLReporter -->
<testsuite ignored="0" hostname="COMP-PC" failures="0" tests="6" name="Test" time="0.062" errors="0" timestamp="2020-11-20T09:36:37 IST">
  <testcase classname="Beginmaven.RestAPITest" name="deletetwitter" time="0.004"/>
  <testcase classname="Beginmaven.RestAPITest" name="postjira" time="0.0"/>
  <testcase classname="Beginmaven.SeleniumTest" name="browserautomation" time="0.0"/>
  <testcase classname="Beginmaven.SeleniumTest" name="elementsui" time="0.001"/>
  <testcase classname="Beginmaven.AppiumTet" name="android" time="0.001"/>
  <testcase classname="Beginmaven.AppiumTet" name="ios" time="0.0"/>
</testsuite> <!-- Test -->
