<?xml version="1.0" encoding="UTF-8" ?>
<testsuite tests="6" failures="0" name="TestSuite" time="0.023" errors="0" skipped="0">
  <properties>
[...]
</properties>
  <testcase classname="Beginmaven.AppiumTest" name="android" time="0.011"/>
  <testcase classname="Beginmaven.AppiumTest" name="ios" time="0.001"/>
  <testcase classname="Beginmaven.RestAPITest" name="deletetwitter" time="0.011"/>
  <testcase classname="Beginmaven.RestAPITest" name="postjira" time="0"/>
  <testcase classname="Beginmaven.SeleniumTest" name="browserautomation" time="0"/>
  <testcase classname="Beginmaven.SeleniumTest" name="elementsui" time="0"/>
</testsuite>