<?xml version="1.0" encoding="UTF-8"?>
<testng-results ignored="0" total="6" passed="6" failed="0" skipped="0">
  <reporter-output>
  </reporter-output>
  <suite started-at="2020-11-20T11:07:49 IST" name="Command line suite" finished-at="2020-11-20T11:07:49 IST" duration-ms="60">
    <groups>
    </groups>
    <test started-at="2020-11-20T11:07:49 IST" name="Command line test" finished-at="2020-11-20T11:07:49 IST" duration-ms="60">
      <class name="Beginmaven.RestAPITest">
        <test-method signature="deletetwitter()[pri:0, instance:Beginmaven.RestAPITest@3754a4bf]" started-at="2020-11-20T11:07:49 IST" name="deletetwitter" finished-at="2020-11-20T11:07:49 IST" duration-ms="0" status="PASS">
          <reporter-output>
          </reporter-output>
        </test-method> <!-- deletetwitter -->
        <test-method signature="postjira()[pri:0, instance:Beginmaven.RestAPITest@3754a4bf]" started-at="2020-11-20T11:07:49 IST" name="postjira" finished-at="2020-11-20T11:07:49 IST" duration-ms="0" status="PASS">
          <reporter-output>
          </reporter-output>
        </test-method> <!-- postjira -->
      </class> <!-- Beginmaven.RestAPITest -->
      <class name="Beginmaven.SeleniumTest">
        <test-method signature="browserautomation()[pri:0, instance:Beginmaven.SeleniumTest@62379589]" started-at="2020-11-20T11:07:49 IST" name="browserautomation" finished-at="2020-11-20T11:07:49 IST" duration-ms="0" status="PASS">
          <reporter-output>
          </reporter-output>
        </test-method> <!-- browserautomation -->
        <test-method signature="elementsui()[pri:0, instance:Beginmaven.SeleniumTest@62379589]" started-at="2020-11-20T11:07:49 IST" name="elementsui" finished-at="2020-11-20T11:07:49 IST" duration-ms="0" status="PASS">
          <reporter-output>
          </reporter-output>
        </test-method> <!-- elementsui -->
      </class> <!-- Beginmaven.SeleniumTest -->
      <class name="Beginmaven.AppiumTest">
        <test-method signature="android()[pri:0, instance:Beginmaven.AppiumTest@13c9d689]" started-at="2020-11-20T11:07:49 IST" name="android" finished-at="2020-11-20T11:07:49 IST" duration-ms="5" status="PASS">
          <reporter-output>
          </reporter-output>
        </test-method> <!-- android -->
        <test-method signature="ios()[pri:0, instance:Beginmaven.AppiumTest@13c9d689]" started-at="2020-11-20T11:07:49 IST" name="ios" finished-at="2020-11-20T11:07:49 IST" duration-ms="1" status="PASS">
          <reporter-output>
          </reporter-output>
        </test-method> <!-- ios -->
      </class> <!-- Beginmaven.AppiumTest -->
    </test> <!-- Command line test -->
  </suite> <!-- Command line suite -->
</testng-results>
