<?xml version="1.0" encoding="UTF-8"?>
<testsuite xmlns:xsi="http://www.w3.org/2001/XMLSchema-instance" xsi:noNamespaceSchemaLocation="https://maven.apache.org/surefire/maven-surefire-plugin/xsd/surefire-test-report-3.0.xsd" version="3.0" name="Beginmaven.AppiumTest" time="0.492" tests="2" errors="0" skipped="0" failures="0">
  <properties>
[...]
</properties>
  <testcase name="android" classname="Beginmaven.AppiumTest" time="0.007">
    <system-out><![CDATA[android
]]></system-out>
  </testcase>
  <testcase name="ios" classname="Beginmaven.AppiumTest" time="0.001">
    <system-out><![CDATA[ios
]]></system-out>
  </testcase>
</testsuite>