<?xml version="1.0" encoding="UTF-8"?>
<testng-results skipped="0" failed="0" ignored="0" total="6" passed="6">
  <reporter-output>
  </reporter-output>
  <suite name="Suite" duration-ms="152" started-at="2020-07-04T05:36:12Z" finished-at="2020-07-04T05:36:12Z">
    <groups>
    </groups>
    <test name="Test" duration-ms="152" started-at="2020-07-04T05:36:12Z" finished-at="2020-07-04T05:36:12Z">
      <class name="Beginmaven.RestAPITest">
        <test-method status="PASS" signature="deletetwitter()[pri:0, instance:Beginmaven.RestAPITest@45018215]" name="deletetwitter" duration-ms="29" started-at="2020-07-04T05:36:12Z" finished-at="2020-07-04T05:36:12Z">
          <reporter-output>
          </reporter-output>
        </test-method> <!-- deletetwitter -->
        <test-method status="PASS" signature="postjira()[pri:0, instance:Beginmaven.RestAPITest@45018215]" name="postjira" duration-ms="3" started-at="2020-07-04T05:36:12Z" finished-at="2020-07-04T05:36:12Z">
          <reporter-output>
          </reporter-output>
        </test-method> <!-- postjira -->
      </class> <!-- Beginmaven.RestAPITest -->
      <class name="Beginmaven.AppiumTet">
        <test-method status="PASS" signature="android()[pri:0, instance:Beginmaven.AppiumTet@d706f19]" name="android" duration-ms="2" started-at="2020-07-04T05:36:12Z" finished-at="2020-07-04T05:36:12Z">
          <reporter-output>
          </reporter-output>
        </test-method> <!-- android -->
        <test-method status="PASS" signature="ios()[pri:0, instance:Beginmaven.AppiumTet@d706f19]" name="ios" duration-ms="2" started-at="2020-07-04T05:36:12Z" finished-at="2020-07-04T05:36:12Z">
          <reporter-output>
          </reporter-output>
        </test-method> <!-- ios -->
      </class> <!-- Beginmaven.AppiumTet -->
      <class name="Beginmaven.SeleniumTest">
        <test-method status="PASS" signature="browserautomation()[pri:0, instance:Beginmaven.SeleniumTest@65d6b83b]" name="browserautomation" duration-ms="2" started-at="2020-07-04T05:36:12Z" finished-at="2020-07-04T05:36:12Z">
          <reporter-output>
          </reporter-output>
        </test-method> <!-- browserautomation -->
        <test-method status="PASS" signature="elementsui()[pri:0, instance:Beginmaven.SeleniumTest@65d6b83b]" name="elementsui" duration-ms="3" started-at="2020-07-04T05:36:12Z" finished-at="2020-07-04T05:36:12Z">
          <reporter-output>
          </reporter-output>
        </test-method> <!-- elementsui -->
      </class> <!-- Beginmaven.SeleniumTest -->
    </test> <!-- Test -->
  </suite> <!-- Suite -->
</testng-results>
